<?xml version="1.0" encoding="UTF-8"?>
<!-- Generated by org.testng.reporters.JUnitXMLReporter -->
<testsuite hostname="YANGXING7-N2GP4" name="Test" tests="1" failures="0" timestamp="29 Aug 2019 03:11:35 GMT" time="1.095" errors="0">
  <testcase name="@BeforeClass beforeClass" time="0.0" classname="com.test.api.testPost">
    <failure type="java.lang.NoClassDefFoundError" message="org/bson/conversions/Bson">
      <![CDATA[java.lang.NoClassDefFoundError: org/bson/conversions/Bson
	at java.lang.ClassLoader.defineClass1(Native Method)
	at java.lang.ClassLoader.defineClass(ClassLoader.java:763)
	at java.security.SecureClassLoader.defineClass(SecureClassLoader.java:142)
	at java.net.URLClassLoader.defineClass(URLClassLoader.java:468)
	at java.net.URLClassLoader.access$100(URLClassLoader.java:74)
	at java.net.URLClassLoader$1.run(URLClassLoader.java:369)
	at java.net.URLClassLoader$1.run(URLClassLoader.java:363)
	at java.security.AccessController.doPrivileged(Native Method)
	at java.net.URLClassLoader.findClass(URLClassLoader.java:362)
	at java.lang.ClassLoader.loadClass(ClassLoader.java:424)
	at sun.misc.Launcher$AppClassLoader.loadClass(Launcher.java:349)
	at java.lang.ClassLoader.loadClass(ClassLoader.java:357)
	at com.mongodb.util.JSONCallback.create(JSONCallback.java:53)
	at org.bson.BasicBSONCallback.create(BasicBSONCallback.java:90)
	at org.bson.BasicBSONCallback.objectStart(BasicBSONCallback.java:98)
	at com.mongodb.util.JSONParser.parseObject(JSON.java:255)
	at com.mongodb.util.JSONParser.parse(JSON.java:227)
	at com.mongodb.util.JSONParser.parse(JSON.java:155)
	at com.mongodb.util.JSON.parse(JSON.java:92)
	at com.mongodb.util.JSON.parse(JSON.java:73)
	at com.test.client.RestfulClient.getBodyInJSON(RestfulClient.java:43)
	at com.test.api.testPost.beforeClass(testPost.java:37)
Caused by: java.lang.ClassNotFoundException: org.bson.conversions.Bson
	at java.net.URLClassLoader.findClass(URLClassLoader.java:382)
	at java.lang.ClassLoader.loadClass(ClassLoader.java:424)
	at sun.misc.Launcher$AppClassLoader.loadClass(Launcher.java:349)
	at java.lang.ClassLoader.loadClass(ClassLoader.java:357)
	... 46 more
... Removed 24 stack frames]]>
    </failure>
  </testcase> <!-- @BeforeClass beforeClass -->
  <testcase name="TestGetRequest" time="0.005" classname="com.test.api.testPost">
    <skipped/>
  </testcase> <!-- TestGetRequest -->
</testsuite> <!-- Test -->
