<?xml version="1.0" encoding="UTF-8"?>
<testng-results skipped="0" failed="0" ignored="0" total="1" passed="1">
  <reporter-output>
  </reporter-output>
  <suite name="Suite" duration-ms="1649" started-at="2019-09-09T14:56:54Z" finished-at="2019-09-09T14:56:56Z">
    <groups>
    </groups>
    <test name="Test1" duration-ms="1649" started-at="2019-09-09T14:56:54Z" finished-at="2019-09-09T14:56:56Z">
      <class name="com.test.api.TestPost">
        <test-method status="PASS" signature="setup()[pri:0, instance:com.test.api.TestPost@51efea79]" name="setup" is-config="true" duration-ms="282" started-at="2019-09-09T22:56:54Z" finished-at="2019-09-09T22:56:54Z">
          <reporter-output>
          </reporter-output>
        </test-method> <!-- setup -->
        <test-method status="PASS" signature="testPostRequest()[pri:0, instance:com.test.api.TestPost@51efea79]" name="testPostRequest" duration-ms="1339" started-at="2019-09-09T22:56:54Z" finished-at="2019-09-09T22:56:56Z">
          <reporter-output>
          </reporter-output>
        </test-method> <!-- testPostRequest -->
      </class> <!-- com.test.api.TestPost -->
    </test> <!-- Test1 -->
  </suite> <!-- Suite -->
</testng-results>
